Building DAG of jobs...
Using shell: /bin/bash
Provided cores: 1 (use --cores to define parallelism)
Rules claiming more threads will be scaled down.
Job stats:
job           count    min threads    max threads
----------  -------  -------------  -------------
all               1              1              1
plot_quals        1              1              1
total             2              1              1

Select jobs to execute...

[Wed May 11 16:12:32 2022]
rule plot_quals:
    input: calls/all.vcf
    output: plots/quals.svg
    jobid: 1
    resources: tmpdir=/tmp

[Wed May 11 16:12:32 2022]
Error in rule plot_quals:
    jobid: 1
    output: plots/quals.svg

RuleException:
WorkflowError in line 56 of /home/bsl-bi/snake/snakefile.txt:
Failed to open source file /home/bsl-bi/snake/scripts/plot-quals.py
FileNotFoundError: [Errno 2] No such file or directory: '/home/bsl-bi/snake/scripts/plot-quals.py'
  File "/home/bsl-bi/snake/snakefile.txt", line 56, in __rule_plot_quals
  File "/home/bsl-bi/miniconda3/envs/snakemake-tutorial/lib/python3.8/concurrent/futures/thread.py", line 57, in run
Shutting down, this might take some time.
Exiting because a job execution failed. Look above for error message
Complete log: /home/bsl-bi/snake/.snakemake/log/2022-05-11T161232.706998.snakemake.log
